2025-11-24 15:29:40,393 - INFO - ✅ QR Generator inicializado con detección mejorada de URLs
2025-11-24 15:29:46,036 - INFO - ✅ Cache avanzado inicializado - Tamaño máximo: 500, TTL: 7200s
2025-11-24 15:29:46,036 - INFO - ✅ Cache avanzado inicializado - Tamaño máximo: 200, TTL: 3600s
2025-11-24 15:29:46,036 - INFO - ✅ Cache avanzado inicializado - Tamaño máximo: 300, TTL: 1800s
2025-11-24 15:29:46,315 - INFO - Use pytorch device_name: cpu
2025-11-24 15:29:46,315 - INFO - Load pretrained SentenceTransformer: intfloat/multilingual-e5-small
2025-11-24 15:29:50,346 - INFO - 🧠 MemoryManager inicializado con modelo intfloat/multilingual-e5-small
2025-11-24 15:29:50,906 - INFO - ChromaDB inicializado con telemetría DESACTIVADA
2025-11-24 15:29:50,924 - INFO - Use pytorch device_name: cpu
2025-11-24 15:29:50,924 - INFO - Load pretrained SentenceTransformer: sentence-transformers/paraphrase-multilingual-MiniLM-L12-v2
2025-11-24 15:29:54,025 - INFO - Cache semántico inicializado (umbral: 0.65)
2025-11-24 15:29:54,026 - INFO - RAG Engine DUOC UC inicializado
2025-11-24 15:29:54,050 - INFO - Cargadas 255 URLs desde urls.txt
2025-11-24 15:29:54,050 - INFO - Procesando muestra de 10 URLs
2025-11-24 15:29:54,050 - INFO - === INICIANDO INGESTA ===
2025-11-24 15:29:54,051 - INFO - Iniciando ingesta de 10 URLs...
2025-11-24 15:29:54,051 - INFO - [1/10] Procesando: https://www.duoc.cl/...
2025-11-24 15:29:56,091 - INFO - [general] Añadidos 4/4 fragmentos desde https://www.duoc.cl/
2025-11-24 15:29:56,092 - INFO - OK [general] 4 chunks
2025-11-24 15:29:56,593 - INFO - [2/10] Procesando: https://www.duoc.cl/alumnos/...
2025-11-24 15:29:58,150 - INFO - [general] Añadidos 2/2 fragmentos desde https://www.duoc.cl/alumnos/
2025-11-24 15:29:58,152 - INFO - OK [general] 2 chunks
2025-11-24 15:29:58,653 - INFO - [3/10] Procesando: https://www.duoc.cl/admision/...
2025-11-24 15:30:05,660 - INFO - [admision] Añadidos 25/25 fragmentos desde https://www.duoc.cl/admision/
2025-11-24 15:30:05,661 - INFO - OK [admision] 25 chunks
2025-11-24 15:30:06,162 - INFO - [4/10] Procesando: https://www.duoc.cl/contacto-admision/...
2025-11-24 15:30:07,198 - INFO - [admision] Añadidos 1/1 fragmentos desde https://www.duoc.cl/contacto-admision/
2025-11-24 15:30:07,199 - INFO - OK [admision] 1 chunks
2025-11-24 15:30:07,700 - INFO - [5/10] Procesando: https://www.duoc.cl/sedes/plaza-norte/...
2025-11-24 15:30:09,482 - INFO - [sede_plaza_norte] Añadidos 4/4 fragmentos desde https://www.duoc.cl/sedes/plaza-norte/
2025-11-24 15:30:09,484 - INFO - OK [sede_plaza_norte] 4 chunks
2025-11-24 15:30:09,985 - INFO - [6/10] Procesando: https://www.duoc.cl/sedes/plaza-norte/contacto/...
2025-11-24 15:30:10,847 - ERROR - Error descargando https://www.duoc.cl/sedes/plaza-norte/contacto/: 404 Client Error: Not Found for url: https://www.duoc.cl/sedes/plaza-norte/contacto/
2025-11-24 15:30:10,849 - WARNING - SKIP - No content extracted
2025-11-24 15:30:11,350 - INFO - [7/10] Procesando: https://www.duoc.cl/sedes/plaza-norte/servicios/...
2025-11-24 15:30:13,036 - INFO - [sede_plaza_norte] Añadidos 4/4 fragmentos desde https://www.duoc.cl/sedes/plaza-norte/servicios/
2025-11-24 15:30:13,038 - INFO - OK [sede_plaza_norte] 4 chunks
2025-11-24 15:30:13,539 - INFO - [8/10] Procesando: https://www.duoc.cl/sedes/plaza-norte/carreras/...
2025-11-24 15:30:14,047 - ERROR - Error descargando https://www.duoc.cl/sedes/plaza-norte/carreras/: 404 Client Error: Not Found for url: https://www.duoc.cl/sedes/plaza-norte/carreras/
2025-11-24 15:30:14,049 - WARNING - SKIP - No content extracted
2025-11-24 15:30:14,551 - INFO - [9/10] Procesando: https://www.duoc.cl/sedes/plaza-norte/biblioteca/...
2025-11-24 15:30:15,224 - ERROR - Error descargando https://www.duoc.cl/sedes/plaza-norte/biblioteca/: 404 Client Error: Not Found for url: https://www.duoc.cl/sedes/plaza-norte/biblioteca/
2025-11-24 15:30:15,226 - WARNING - SKIP - No content extracted
2025-11-24 15:30:15,727 - INFO - [10/10] Procesando: https://www.duoc.cl/sedes/plaza-norte/laboratorios/...
2025-11-24 15:30:16,368 - ERROR - Error descargando https://www.duoc.cl/sedes/plaza-norte/laboratorios/: 404 Client Error: Not Found for url: https://www.duoc.cl/sedes/plaza-norte/laboratorios/
2025-11-24 15:30:16,370 - WARNING - SKIP - No content extracted
2025-11-24 15:30:16,871 - INFO - === INICIANDO GENERACIÓN QR ===
2025-11-24 15:30:16,872 - INFO - Generando QRs para 10 URLs...
2025-11-24 15:30:16,872 - INFO - [1/10] QR para: https://www.duoc.cl/...
2025-11-24 15:30:16,891 - INFO - OK - QR: general_DUOC_UC_General_001.png
2025-11-24 15:30:16,891 - INFO - [2/10] QR para: https://www.duoc.cl/alumnos/...
2025-11-24 15:30:16,899 - INFO - OK - QR: general_DUOC_UC_General_002.png
2025-11-24 15:30:16,899 - INFO - [3/10] QR para: https://www.duoc.cl/admision/...
2025-11-24 15:30:16,907 - INFO - OK - QR: admision_Admisión_003.png
2025-11-24 15:30:16,908 - INFO - [4/10] QR para: https://www.duoc.cl/contacto-admision/...
2025-11-24 15:30:16,914 - INFO - OK - QR: admision_Admisión_004.png
2025-11-24 15:30:16,915 - INFO - [5/10] QR para: https://www.duoc.cl/sedes/plaza-norte/...
2025-11-24 15:30:16,922 - INFO - OK - QR: sede_plaza_norte_Plaza_Norte_General_005.png
2025-11-24 15:30:16,922 - INFO - [6/10] QR para: https://www.duoc.cl/sedes/plaza-norte/contacto/...
2025-11-24 15:30:16,930 - INFO - OK - QR: sede_plaza_norte_Contacto_Plaza_Norte_006.png
2025-11-24 15:30:16,931 - INFO - [7/10] QR para: https://www.duoc.cl/sedes/plaza-norte/servicios/...
2025-11-24 15:30:16,939 - INFO - OK - QR: sede_plaza_norte_Servicios_Plaza_Norte_007.png
2025-11-24 15:30:16,939 - INFO - [8/10] QR para: https://www.duoc.cl/sedes/plaza-norte/carreras/...
2025-11-24 15:30:16,948 - INFO - OK - QR: sede_plaza_norte_Carreras_Plaza_Norte_008.png
2025-11-24 15:30:16,949 - INFO - [9/10] QR para: https://www.duoc.cl/sedes/plaza-norte/biblioteca/...
2025-11-24 15:30:16,957 - INFO - OK - QR: sede_plaza_norte_Biblioteca_Plaza_Norte_009.png
2025-11-24 15:30:16,957 - INFO - [10/10] QR para: https://www.duoc.cl/sedes/plaza-norte/laboratorios/...
2025-11-24 15:30:16,966 - INFO - OK - QR: sede_plaza_norte_Laboratorios_Plaza_Norte_010.png
2025-11-24 15:30:16,968 - INFO - Resultados guardados en: duoc_ingest_complete_20251124_153016.json
2025-11-24 15:30:16,970 - INFO - PROCESO COMPLETADO - Ver: duoc_ingest_complete_20251124_153016.json
