2025-11-25 15:59:49,600 - metrics - INFO - {"timestamp": "2025-11-25T15:59:49.600120", "metric": "request_time", "value": 24.59102153778076, "context": "GET /health"}
2025-11-25 16:00:45,514 - metrics - INFO - {"timestamp": "2025-11-25T16:00:45.514358", "metric": "request_time", "value": 0.0362095832824707, "context": "POST /ask"}
2025-11-25 16:01:05,338 - metrics - INFO - {"timestamp": "2025-11-25T16:01:05.338373", "metric": "request_time", "value": 0.0012388229370117188, "context": "POST /ask"}
2025-11-25 16:02:30,657 - metrics - INFO - {"timestamp": "2025-11-25T16:02:30.657346", "metric": "request_time", "value": 0.01143336296081543, "context": "GET /docs"}
2025-11-25 16:02:34,434 - metrics - INFO - {"timestamp": "2025-11-25T16:02:34.434705", "metric": "request_time", "value": 0.8094067573547363, "context": "GET /openapi.json"}
2025-11-25 16:02:51,013 - metrics - INFO - {"timestamp": "2025-11-25T16:02:51.013109", "metric": "request_time", "value": 0.0005521774291992188, "context": "POST /ask"}
2025-11-25 16:03:14,502 - metrics - INFO - {"timestamp": "2025-11-25T16:03:14.501913", "metric": "request_time", "value": 0.001135110855102539, "context": "POST /ask"}
2025-11-25 16:03:22,412 - metrics - INFO - {"timestamp": "2025-11-25T16:03:22.412358", "metric": "request_time", "value": 0.0011665821075439453, "context": "POST /ask"}
2025-11-25 16:11:00,012 - metrics - INFO - {"timestamp": "2025-11-25T16:11:00.010702", "metric": "request_time", "value": 25.313228845596313, "context": "GET /health"}
2025-11-25 16:11:56,380 - metrics - INFO - {"timestamp": "2025-11-25T16:11:56.379910", "metric": "request_time", "value": 0.022350549697875977, "context": "POST /ask"}
2025-11-25 16:12:28,793 - metrics - INFO - {"timestamp": "2025-11-25T16:12:28.792676", "metric": "request_time", "value": 0.0042493343353271484, "context": "POST /ask"}
2025-11-25 16:13:12,586 - metrics - INFO - {"timestamp": "2025-11-25T16:13:12.586833", "metric": "request_time", "value": 0.013561487197875977, "context": "GET /docs"}
2025-11-25 16:13:12,902 - metrics - INFO - {"timestamp": "2025-11-25T16:13:12.902912", "metric": "request_time", "value": 0.039603233337402344, "context": "GET /openapi.json"}
2025-11-25 16:13:20,678 - metrics - INFO - {"timestamp": "2025-11-25T16:13:20.678594", "metric": "request_time", "value": 0.0006580352783203125, "context": "POST /ask"}
2025-11-25 16:13:39,685 - metrics - INFO - {"timestamp": "2025-11-25T16:13:39.685259", "metric": "request_time", "value": 0.002899646759033203, "context": "POST /ask"}
2025-11-25 16:14:12,376 - metrics - INFO - {"timestamp": "2025-11-25T16:14:12.376272", "metric": "request_time", "value": 9.158032178878784, "context": "POST /ask"}
2025-11-25 16:14:31,643 - metrics - INFO - {"timestamp": "2025-11-25T16:14:31.643000", "metric": "request_time", "value": 1.6591503620147705, "context": "POST /ask"}
2025-11-25 16:14:35,308 - metrics - INFO - {"timestamp": "2025-11-25T16:14:35.308527", "metric": "request_time", "value": 1.6264677047729492, "context": "POST /ask"}
2025-11-25 16:14:38,653 - metrics - INFO - {"timestamp": "2025-11-25T16:14:38.653859", "metric": "request_time", "value": 1.3280324935913086, "context": "POST /ask"}
2025-11-25 16:14:41,856 - metrics - INFO - {"timestamp": "2025-11-25T16:14:41.856452", "metric": "request_time", "value": 1.1616880893707275, "context": "POST /ask"}
2025-11-25 16:14:45,137 - metrics - INFO - {"timestamp": "2025-11-25T16:14:45.137198", "metric": "request_time", "value": 1.2422139644622803, "context": "POST /ask"}
2025-11-25 18:21:07,482 - metrics - INFO - {"timestamp": "2025-11-25T18:21:07.482112", "metric": "request_time", "value": 2.0068233013153076, "context": "POST /chat"}
2025-11-25 18:28:18,119 - metrics - INFO - {"timestamp": "2025-11-25T18:28:18.119293", "metric": "request_time", "value": 0.0003833770751953125, "context": "OPTIONS /chat"}
2025-11-25 18:28:19,574 - metrics - INFO - {"timestamp": "2025-11-25T18:28:19.574773", "metric": "request_time", "value": 1.4507241249084473, "context": "POST /chat"}
2025-11-25 18:28:24,069 - metrics - INFO - {"timestamp": "2025-11-25T18:28:24.069796", "metric": "request_time", "value": 0.0001475811004638672, "context": "OPTIONS /feedback/response"}
2025-11-25 18:28:24,107 - metrics - INFO - {"timestamp": "2025-11-25T18:28:24.106979", "metric": "request_time", "value": 0.0325927734375, "context": "POST /feedback/response"}
2025-11-25 18:28:40,557 - metrics - INFO - {"timestamp": "2025-11-25T18:28:40.557132", "metric": "request_time", "value": 5.786834478378296, "context": "POST /chat"}
2025-11-25 18:28:43,489 - metrics - INFO - {"timestamp": "2025-11-25T18:28:43.489846", "metric": "request_time", "value": 0.025209426879882812, "context": "POST /feedback/response"}
2025-11-25 18:30:02,594 - metrics - INFO - {"timestamp": "2025-11-25T18:30:02.594337", "metric": "request_time", "value": 1.1658210754394531, "context": "POST /chat"}
2025-11-25 18:30:14,260 - metrics - INFO - {"timestamp": "2025-11-25T18:30:14.260525", "metric": "request_time", "value": 0.024535417556762695, "context": "POST /feedback/response"}
2025-11-25 18:30:20,384 - metrics - INFO - {"timestamp": "2025-11-25T18:30:20.384382", "metric": "request_time", "value": 1.242757797241211, "context": "POST /chat"}
2025-11-25 18:30:23,419 - metrics - INFO - {"timestamp": "2025-11-25T18:30:23.419577", "metric": "request_time", "value": 0.024959087371826172, "context": "POST /feedback/response"}
2025-11-25 18:30:33,804 - metrics - INFO - {"timestamp": "2025-11-25T18:30:33.804847", "metric": "request_time", "value": 1.9775736331939697, "context": "POST /chat"}
2025-11-25 18:30:39,036 - metrics - INFO - {"timestamp": "2025-11-25T18:30:39.036615", "metric": "request_time", "value": 0.02513742446899414, "context": "POST /feedback/response"}
2025-11-25 18:30:48,918 - metrics - INFO - {"timestamp": "2025-11-25T18:30:48.918273", "metric": "request_time", "value": 1.3920824527740479, "context": "POST /chat"}
2025-11-25 18:30:50,340 - metrics - INFO - {"timestamp": "2025-11-25T18:30:50.340801", "metric": "request_time", "value": 0.0253908634185791, "context": "POST /feedback/response"}
2025-11-25 18:30:58,290 - metrics - INFO - {"timestamp": "2025-11-25T18:30:58.290668", "metric": "request_time", "value": 1.4937810897827148, "context": "POST /chat"}
2025-11-25 18:31:02,094 - metrics - INFO - {"timestamp": "2025-11-25T18:31:02.094947", "metric": "request_time", "value": 1.4165258407592773, "context": "POST /chat"}
2025-11-25 18:31:05,672 - metrics - INFO - {"timestamp": "2025-11-25T18:31:05.672077", "metric": "request_time", "value": 1.4214558601379395, "context": "POST /chat"}
2025-11-25 18:31:19,582 - metrics - INFO - {"timestamp": "2025-11-25T18:31:19.582659", "metric": "request_time", "value": 1.5133373737335205, "context": "POST /chat"}
2025-11-25 18:31:28,218 - metrics - INFO - {"timestamp": "2025-11-25T18:31:28.218249", "metric": "request_time", "value": 1.4478259086608887, "context": "POST /chat"}
2025-11-25 18:31:31,731 - metrics - INFO - {"timestamp": "2025-11-25T18:31:31.731652", "metric": "request_time", "value": 1.0889346599578857, "context": "POST /chat"}
2025-11-25 18:31:35,089 - metrics - INFO - {"timestamp": "2025-11-25T18:31:35.089506", "metric": "request_time", "value": 0.5579755306243896, "context": "POST /chat"}
2025-11-25 18:31:42,004 - metrics - INFO - {"timestamp": "2025-11-25T18:31:42.004352", "metric": "request_time", "value": 0.6612026691436768, "context": "POST /chat"}
2025-11-25 18:31:48,140 - metrics - INFO - {"timestamp": "2025-11-25T18:31:48.140470", "metric": "request_time", "value": 2.3937652111053467, "context": "POST /chat"}
2025-11-25 18:34:49,754 - metrics - INFO - {"timestamp": "2025-11-25T18:34:49.754102", "metric": "request_time", "value": 0.6288273334503174, "context": "POST /chat"}
2025-11-25 18:34:53,368 - metrics - INFO - {"timestamp": "2025-11-25T18:34:53.368102", "metric": "request_time", "value": 1.5030808448791504, "context": "POST /chat"}
2025-11-25 18:34:56,975 - metrics - INFO - {"timestamp": "2025-11-25T18:34:56.975304", "metric": "request_time", "value": 1.4361186027526855, "context": "POST /chat"}
2025-11-25 18:35:00,733 - metrics - INFO - {"timestamp": "2025-11-25T18:35:00.733357", "metric": "request_time", "value": 1.4902191162109375, "context": "POST /chat"}
2025-11-25 18:35:03,679 - metrics - INFO - {"timestamp": "2025-11-25T18:35:03.679026", "metric": "request_time", "value": 0.5320637226104736, "context": "POST /chat"}
2025-11-25 18:35:06,403 - metrics - INFO - {"timestamp": "2025-11-25T18:35:06.403347", "metric": "request_time", "value": 0.5199124813079834, "context": "POST /chat"}
2025-11-25 18:35:09,738 - metrics - INFO - {"timestamp": "2025-11-25T18:35:09.738196", "metric": "request_time", "value": 0.5571541786193848, "context": "POST /chat"}
2025-11-25 18:35:13,436 - metrics - INFO - {"timestamp": "2025-11-25T18:35:13.436017", "metric": "request_time", "value": 1.230165958404541, "context": "POST /chat"}
2025-11-25 18:35:18,069 - metrics - INFO - {"timestamp": "2025-11-25T18:35:18.069723", "metric": "request_time", "value": 1.1902830600738525, "context": "POST /chat"}
