2025-11-24 15:22:23,474 - INFO - Use pytorch device_name: cpu
2025-11-24 15:22:23,475 - INFO - Load pretrained SentenceTransformer: intfloat/multilingual-e5-small
2025-11-24 15:22:27,988 - INFO - ChromaDB inicializado con telemetría DESACTIVADA
2025-11-24 15:22:28,007 - INFO - Use pytorch device_name: cpu
2025-11-24 15:22:28,007 - INFO - Load pretrained SentenceTransformer: sentence-transformers/paraphrase-multilingual-MiniLM-L12-v2
2025-11-24 15:22:31,027 - INFO - Cache semántico inicializado (umbral: 0.65)
2025-11-24 15:22:31,028 - INFO - RAG Engine DUOC UC inicializado
2025-11-24 15:22:31,032 - INFO - Cargadas 5 URLs desde test_urls.txt
2025-11-24 15:22:31,035 - INFO - Validando 5 URLs...
2025-11-24 15:22:31,687 - INFO - Validación completada: 5 válidas, 0 inválidas
2025-11-24 15:22:31,687 - INFO - Tasa de éxito: 100.0%
2025-11-24 15:22:31,688 - INFO - Resultados guardados en: duoc_ingest_results_20251124_152231.json
2025-11-24 15:24:46,699 - INFO - Use pytorch device_name: cpu
2025-11-24 15:24:46,699 - INFO - Load pretrained SentenceTransformer: intfloat/multilingual-e5-small
2025-11-24 15:24:51,336 - INFO - ChromaDB inicializado con telemetría DESACTIVADA
2025-11-24 15:24:51,354 - INFO - Use pytorch device_name: cpu
2025-11-24 15:24:51,354 - INFO - Load pretrained SentenceTransformer: sentence-transformers/paraphrase-multilingual-MiniLM-L12-v2
2025-11-24 15:24:54,429 - INFO - Cache semántico inicializado (umbral: 0.65)
2025-11-24 15:24:54,429 - INFO - RAG Engine DUOC UC inicializado
2025-11-24 15:24:54,431 - INFO - Cargadas 5 URLs desde test_urls.txt
2025-11-24 15:24:54,433 - INFO - Validando 5 URLs...
2025-11-24 15:24:55,161 - INFO - Validación completada: 5 válidas, 0 inválidas
2025-11-24 15:24:55,161 - INFO - Tasa de éxito: 100.0%
2025-11-24 15:24:55,162 - INFO - Resultados guardados en: duoc_ingest_results_20251124_152455.json
2025-11-24 15:25:54,671 - INFO - Use pytorch device_name: cpu
2025-11-24 15:25:54,672 - INFO - Load pretrained SentenceTransformer: intfloat/multilingual-e5-small
2025-11-24 15:25:59,406 - INFO - ChromaDB inicializado con telemetría DESACTIVADA
2025-11-24 15:25:59,424 - INFO - Use pytorch device_name: cpu
2025-11-24 15:25:59,425 - INFO - Load pretrained SentenceTransformer: sentence-transformers/paraphrase-multilingual-MiniLM-L12-v2
2025-11-24 15:26:02,908 - INFO - Cache semántico inicializado (umbral: 0.65)
2025-11-24 15:26:02,909 - INFO - RAG Engine DUOC UC inicializado
2025-11-24 15:26:02,912 - INFO - Cargadas 5 URLs desde working_test_urls.txt
2025-11-24 15:26:02,915 - INFO - Validando 5 URLs...
2025-11-24 15:26:05,464 - INFO - Validación completada: 5 válidas, 0 inválidas
2025-11-24 15:26:05,464 - INFO - Tasa de éxito: 100.0%
2025-11-24 15:26:05,466 - INFO - Iniciando ingesta de 5 URLs...
2025-11-24 15:26:06,765 - ERROR - beautifulsoup4 no está instalado. Instala con: pip install beautifulsoup4
Las operaciones de ingesta vía /ingest pueden quedar deshabilitadas hasta instalar esta dependencia.
2025-11-24 15:26:06,765 - INFO - No se extrajo texto útil desde https://www.duoc.cl/
2025-11-24 15:26:06,766 - WARNING - Intento 1: No se extrajeron chunks de https://www.duoc.cl/
2025-11-24 15:26:06,886 - ERROR - beautifulsoup4 no está instalado. Instala con: pip install beautifulsoup4
Las operaciones de ingesta vía /ingest pueden quedar deshabilitadas hasta instalar esta dependencia.
2025-11-24 15:26:06,887 - INFO - No se extrajo texto útil desde https://www.duoc.cl/alumnos/
2025-11-24 15:26:06,889 - WARNING - Intento 1: No se extrajeron chunks de https://www.duoc.cl/alumnos/
2025-11-24 15:26:07,935 - ERROR - beautifulsoup4 no está instalado. Instala con: pip install beautifulsoup4
Las operaciones de ingesta vía /ingest pueden quedar deshabilitadas hasta instalar esta dependencia.
2025-11-24 15:26:07,935 - INFO - No se extrajo texto útil desde https://www.duoc.cl/alumnos/
2025-11-24 15:26:07,937 - WARNING - Intento 2: No se extrajeron chunks de https://www.duoc.cl/alumnos/
2025-11-24 15:26:08,041 - ERROR - beautifulsoup4 no está instalado. Instala con: pip install beautifulsoup4
Las operaciones de ingesta vía /ingest pueden quedar deshabilitadas hasta instalar esta dependencia.
2025-11-24 15:26:08,041 - INFO - No se extrajo texto útil desde https://www.duoc.cl/
2025-11-24 15:26:08,043 - WARNING - Intento 2: No se extrajeron chunks de https://www.duoc.cl/
2025-11-24 15:26:08,732 - ERROR - beautifulsoup4 no está instalado. Instala con: pip install beautifulsoup4
Las operaciones de ingesta vía /ingest pueden quedar deshabilitadas hasta instalar esta dependencia.
2025-11-24 15:26:08,733 - INFO - No se extrajo texto útil desde https://www.duoc.cl/alumnos/
2025-11-24 15:26:08,734 - WARNING - Intento 3: No se extrajeron chunks de https://www.duoc.cl/alumnos/
2025-11-24 15:26:09,380 - ERROR - beautifulsoup4 no está instalado. Instala con: pip install beautifulsoup4
Las operaciones de ingesta vía /ingest pueden quedar deshabilitadas hasta instalar esta dependencia.
2025-11-24 15:26:09,380 - INFO - No se extrajo texto útil desde https://www.duoc.cl/
2025-11-24 15:26:09,382 - WARNING - Intento 3: No se extrajeron chunks de https://www.duoc.cl/
2025-11-24 15:26:09,742 - ERROR - beautifulsoup4 no está instalado. Instala con: pip install beautifulsoup4
Las operaciones de ingesta vía /ingest pueden quedar deshabilitadas hasta instalar esta dependencia.
2025-11-24 15:26:09,742 - INFO - No se extrajo texto útil desde https://www.duoc.cl/admision/
2025-11-24 15:26:09,743 - WARNING - Intento 1: No se extrajeron chunks de https://www.duoc.cl/admision/
2025-11-24 15:26:10,289 - ERROR - beautifulsoup4 no está instalado. Instala con: pip install beautifulsoup4
Las operaciones de ingesta vía /ingest pueden quedar deshabilitadas hasta instalar esta dependencia.
2025-11-24 15:26:10,289 - INFO - No se extrajo texto útil desde https://www.duoc.cl/sedes/plaza-norte/
2025-11-24 15:26:10,292 - WARNING - Intento 1: No se extrajeron chunks de https://www.duoc.cl/sedes/plaza-norte/
2025-11-24 15:26:10,740 - ERROR - beautifulsoup4 no está instalado. Instala con: pip install beautifulsoup4
Las operaciones de ingesta vía /ingest pueden quedar deshabilitadas hasta instalar esta dependencia.
2025-11-24 15:26:10,741 - INFO - No se extrajo texto útil desde https://www.duoc.cl/admision/
2025-11-24 15:26:10,743 - WARNING - Intento 2: No se extrajeron chunks de https://www.duoc.cl/admision/
2025-11-24 15:26:11,159 - ERROR - beautifulsoup4 no está instalado. Instala con: pip install beautifulsoup4
Las operaciones de ingesta vía /ingest pueden quedar deshabilitadas hasta instalar esta dependencia.
2025-11-24 15:26:11,160 - INFO - No se extrajo texto útil desde https://www.duoc.cl/sedes/plaza-norte/
2025-11-24 15:26:11,161 - WARNING - Intento 2: No se extrajeron chunks de https://www.duoc.cl/sedes/plaza-norte/
2025-11-24 15:26:11,573 - ERROR - beautifulsoup4 no está instalado. Instala con: pip install beautifulsoup4
Las operaciones de ingesta vía /ingest pueden quedar deshabilitadas hasta instalar esta dependencia.
2025-11-24 15:26:11,573 - INFO - No se extrajo texto útil desde https://www.duoc.cl/admision/
2025-11-24 15:26:11,574 - WARNING - Intento 3: No se extrajeron chunks de https://www.duoc.cl/admision/
2025-11-24 15:26:12,308 - ERROR - beautifulsoup4 no está instalado. Instala con: pip install beautifulsoup4
Las operaciones de ingesta vía /ingest pueden quedar deshabilitadas hasta instalar esta dependencia.
2025-11-24 15:26:12,309 - INFO - No se extrajo texto útil desde https://www.duoc.cl/sedes/plaza-norte/
2025-11-24 15:26:12,310 - WARNING - Intento 3: No se extrajeron chunks de https://www.duoc.cl/sedes/plaza-norte/
2025-11-24 15:26:12,481 - ERROR - beautifulsoup4 no está instalado. Instala con: pip install beautifulsoup4
Las operaciones de ingesta vía /ingest pueden quedar deshabilitadas hasta instalar esta dependencia.
2025-11-24 15:26:12,482 - INFO - No se extrajo texto útil desde https://www.duoc.cl/contacto-admision/
2025-11-24 15:26:12,485 - WARNING - Intento 1: No se extrajeron chunks de https://www.duoc.cl/contacto-admision/
2025-11-24 15:26:13,365 - ERROR - beautifulsoup4 no está instalado. Instala con: pip install beautifulsoup4
Las operaciones de ingesta vía /ingest pueden quedar deshabilitadas hasta instalar esta dependencia.
2025-11-24 15:26:13,366 - INFO - No se extrajo texto útil desde https://www.duoc.cl/contacto-admision/
2025-11-24 15:26:13,368 - WARNING - Intento 2: No se extrajeron chunks de https://www.duoc.cl/contacto-admision/
2025-11-24 15:26:14,144 - ERROR - beautifulsoup4 no está instalado. Instala con: pip install beautifulsoup4
Las operaciones de ingesta vía /ingest pueden quedar deshabilitadas hasta instalar esta dependencia.
2025-11-24 15:26:14,145 - INFO - No se extrajo texto útil desde https://www.duoc.cl/contacto-admision/
2025-11-24 15:26:14,146 - WARNING - Intento 3: No se extrajeron chunks de https://www.duoc.cl/contacto-admision/
2025-11-24 15:26:14,152 - INFO - Generando códigos QR para 5 URLs...
2025-11-24 15:26:14,164 - INFO - Resultados guardados en: duoc_ingest_results_20251124_152614.json
